This file contains any messages produced by compilers while
running configure, to aid debugging if configure makes a mistake.

It was created by configure, which was
generated by GNU Autoconf 2.68.  Invocation command line was

  $ ./configure 

## --------- ##
## Platform. ##
## --------- ##

hostname = HLKali
uname -m = x86_64
uname -r = 4.18.0-kali2-amd64
uname -s = Linux
uname -v = #1 SMP Debian 4.18.10-2kali1 (2018-10-09)

/usr/bin/uname -p = unknown
/bin/uname -X     = unknown

/bin/arch              = unknown
/usr/bin/arch -k       = unknown
/usr/convex/getsysinfo = unknown
/usr/bin/hostinfo      = unknown
/bin/machine           = unknown
/usr/bin/oslevel       = unknown
/bin/universe          = unknown

PATH: /usr/local/sbin
PATH: /usr/local/bin
PATH: /usr/sbin
PATH: /usr/bin
PATH: /sbin
PATH: /bin
PATH: /opt/applic/scripts/


## ----------- ##
## Core tests. ##
## ----------- ##

configure:2046: checking for gcc
configure:2062: found /usr/bin/gcc
configure:2073: result: gcc
configure:2302: checking for C compiler version
configure:2311: gcc --version >&5
gcc (Debian 8.2.0-9) 8.2.0
Copyright (C) 2018 Free Software Foundation, Inc.
This is free software; see the source for copying conditions.  There is NO
warranty; not even for MERCHANTABILITY or FITNESS FOR A PARTICULAR PURPOSE.

configure:2322: $? = 0
configure:2311: gcc -v >&5
Using built-in specs.
COLLECT_GCC=gcc
COLLECT_LTO_WRAPPER=/usr/lib/gcc/x86_64-linux-gnu/8/lto-wrapper
OFFLOAD_TARGET_NAMES=nvptx-none
OFFLOAD_TARGET_DEFAULT=1
Target: x86_64-linux-gnu
Configured with: ../src/configure -v --with-pkgversion='Debian 8.2.0-9' --with-bugurl=file:///usr/share/doc/gcc-8/README.Bugs --enable-languages=c,ada,c++,go,brig,d,fortran,objc,obj-c++ --prefix=/usr --with-gcc-major-version-only --program-suffix=-8 --program-prefix=x86_64-linux-gnu- --enable-shared --enable-linker-build-id --libexecdir=/usr/lib --without-included-gettext --enable-threads=posix --libdir=/usr/lib --enable-nls --with-sysroot=/ --enable-clocale=gnu --enable-libstdcxx-debug --enable-libstdcxx-time=yes --with-default-libstdcxx-abi=new --enable-gnu-unique-object --disable-vtable-verify --enable-libmpx --enable-plugin --enable-default-pie --with-system-zlib --with-target-system-zlib --enable-objc-gc=auto --enable-multiarch --disable-werror --with-arch-32=i686 --with-abi=m64 --with-multilib-list=m32,m64,mx32 --enable-multilib --with-tune=generic --enable-offload-targets=nvptx-none --without-cuda-driver --enable-checking=release --build=x86_64-linux-gnu --host=x86_64-linux-gnu --target=x86_64-linux-gnu
Thread model: posix
gcc version 8.2.0 (Debian 8.2.0-9) 
configure:2322: $? = 0
configure:2311: gcc -V >&5
gcc: error: unrecognized command line option '-V'
gcc: fatal error: no input files
compilation terminated.
configure:2322: $? = 1
configure:2311: gcc -qversion >&5
gcc: error: unrecognized command line option '-qversion'; did you mean '--version'?
gcc: fatal error: no input files
compilation terminated.
configure:2322: $? = 1
configure:2342: checking whether the C compiler works
configure:2364: gcc    conftest.c  >&5
configure:2368: $? = 0
configure:2416: result: yes
configure:2419: checking for C compiler default output file name
configure:2421: result: a.out
configure:2427: checking for suffix of executables
configure:2434: gcc -o conftest    conftest.c  >&5
configure:2438: $? = 0
configure:2460: result: 
configure:2482: checking whether we are cross compiling
configure:2490: gcc -o conftest    conftest.c  >&5
configure:2494: $? = 0
configure:2501: ./conftest
configure:2505: $? = 0
configure:2520: result: no
configure:2525: checking for suffix of object files
configure:2547: gcc -c   conftest.c >&5
configure:2551: $? = 0
configure:2572: result: o
configure:2576: checking whether we are using the GNU C compiler
configure:2595: gcc -c   conftest.c >&5
configure:2595: $? = 0
configure:2604: result: yes
configure:2613: checking whether gcc accepts -g
configure:2633: gcc -c -g  conftest.c >&5
configure:2633: $? = 0
configure:2674: result: yes
configure:2691: checking for gcc option to accept ISO C89
configure:2755: gcc  -c -g -O2  conftest.c >&5
configure:2755: $? = 0
configure:2768: result: none needed
configure:2831: checking for a BSD-compatible install
configure:2899: result: /usr/bin/install -c
configure:2917: checking how to run the C preprocessor
configure:2948: gcc -E  conftest.c
configure:2948: $? = 0
configure:2962: gcc -E  conftest.c
conftest.c:9:10: fatal error: ac_nonexistent.h: No such file or directory
 #include <ac_nonexistent.h>
          ^~~~~~~~~~~~~~~~~~
compilation terminated.
configure:2962: $? = 1
configure: failed program was:
| /* confdefs.h */
| #define PACKAGE_NAME ""
| #define PACKAGE_TARNAME ""
| #define PACKAGE_VERSION ""
| #define PACKAGE_STRING ""
| #define PACKAGE_BUGREPORT ""
| #define PACKAGE_URL ""
| /* end confdefs.h.  */
| #include <ac_nonexistent.h>
configure:2987: result: gcc -E
configure:3007: gcc -E  conftest.c
configure:3007: $? = 0
configure:3021: gcc -E  conftest.c
conftest.c:9:10: fatal error: ac_nonexistent.h: No such file or directory
 #include <ac_nonexistent.h>
          ^~~~~~~~~~~~~~~~~~
compilation terminated.
configure:3021: $? = 1
configure: failed program was:
| /* confdefs.h */
| #define PACKAGE_NAME ""
| #define PACKAGE_TARNAME ""
| #define PACKAGE_VERSION ""
| #define PACKAGE_STRING ""
| #define PACKAGE_BUGREPORT ""
| #define PACKAGE_URL ""
| /* end confdefs.h.  */
| #include <ac_nonexistent.h>
configure:3050: checking for grep that handles long lines and -e
configure:3108: result: /bin/grep
configure:3113: checking for egrep
configure:3175: result: /bin/grep -E
configure:3180: checking for ANSI C header files
configure:3200: gcc -c -g -O2  conftest.c >&5
configure:3200: $? = 0
configure:3273: gcc -o conftest -g -O2   conftest.c  >&5
configure:3273: $? = 0
configure:3273: ./conftest
configure:3273: $? = 0
configure:3284: result: yes
configure:3297: checking for sys/types.h
configure:3297: gcc -c -g -O2  conftest.c >&5
configure:3297: $? = 0
configure:3297: result: yes
configure:3297: checking for sys/stat.h
configure:3297: gcc -c -g -O2  conftest.c >&5
configure:3297: $? = 0
configure:3297: result: yes
configure:3297: checking for stdlib.h
configure:3297: gcc -c -g -O2  conftest.c >&5
configure:3297: $? = 0
configure:3297: result: yes
configure:3297: checking for string.h
configure:3297: gcc -c -g -O2  conftest.c >&5
configure:3297: $? = 0
configure:3297: result: yes
configure:3297: checking for memory.h
configure:3297: gcc -c -g -O2  conftest.c >&5
configure:3297: $? = 0
configure:3297: result: yes
configure:3297: checking for strings.h
configure:3297: gcc -c -g -O2  conftest.c >&5
configure:3297: $? = 0
configure:3297: result: yes
configure:3297: checking for inttypes.h
configure:3297: gcc -c -g -O2  conftest.c >&5
configure:3297: $? = 0
configure:3297: result: yes
configure:3297: checking for stdint.h
configure:3297: gcc -c -g -O2  conftest.c >&5
configure:3297: $? = 0
configure:3297: result: yes
configure:3297: checking for unistd.h
configure:3297: gcc -c -g -O2  conftest.c >&5
configure:3297: $? = 0
configure:3297: result: yes
configure:3312: checking gd.h usability
configure:3312: gcc -c -g -O2  conftest.c >&5
configure:3312: $? = 0
configure:3312: result: yes
configure:3312: checking gd.h presence
configure:3312: gcc -E  conftest.c
configure:3312: $? = 0
configure:3312: result: yes
configure:3312: checking for gd.h
configure:3312: result: yes
configure:3312: checking png.h usability
configure:3312: gcc -c -g -O2  conftest.c >&5
configure:3312: $? = 0
configure:3312: result: yes
configure:3312: checking png.h presence
configure:3312: gcc -E  conftest.c
configure:3312: $? = 0
configure:3312: result: yes
configure:3312: checking for png.h
configure:3312: result: yes
configure:3312: checking gif_lib.h usability
configure:3312: gcc -c -g -O2  conftest.c >&5
conftest.c:54:10: fatal error: gif_lib.h: No such file or directory
 #include <gif_lib.h>
          ^~~~~~~~~~~
compilation terminated.
configure:3312: $? = 1
configure: failed program was:
| /* confdefs.h */
| #define PACKAGE_NAME ""
| #define PACKAGE_TARNAME ""
| #define PACKAGE_VERSION ""
| #define PACKAGE_STRING ""
| #define PACKAGE_BUGREPORT ""
| #define PACKAGE_URL ""
| #define STDC_HEADERS 1
| #define HAVE_SYS_TYPES_H 1
| #define HAVE_SYS_STAT_H 1
| #define HAVE_STDLIB_H 1
| #define HAVE_STRING_H 1
| #define HAVE_MEMORY_H 1
| #define HAVE_STRINGS_H 1
| #define HAVE_INTTYPES_H 1
| #define HAVE_STDINT_H 1
| #define HAVE_UNISTD_H 1
| #define HAVE_GD_H 1
| #define HAVE_PNG_H 1
| /* end confdefs.h.  */
| #include <stdio.h>
| #ifdef HAVE_SYS_TYPES_H
| # include <sys/types.h>
| #endif
| #ifdef HAVE_SYS_STAT_H
| # include <sys/stat.h>
| #endif
| #ifdef STDC_HEADERS
| # include <stdlib.h>
| # include <stddef.h>
| #else
| # ifdef HAVE_STDLIB_H
| #  include <stdlib.h>
| # endif
| #endif
| #ifdef HAVE_STRING_H
| # if !defined STDC_HEADERS && defined HAVE_MEMORY_H
| #  include <memory.h>
| # endif
| # include <string.h>
| #endif
| #ifdef HAVE_STRINGS_H
| # include <strings.h>
| #endif
| #ifdef HAVE_INTTYPES_H
| # include <inttypes.h>
| #endif
| #ifdef HAVE_STDINT_H
| # include <stdint.h>
| #endif
| #ifdef HAVE_UNISTD_H
| # include <unistd.h>
| #endif
| #include <gif_lib.h>
configure:3312: result: no
configure:3312: checking gif_lib.h presence
configure:3312: gcc -E  conftest.c
conftest.c:21:10: fatal error: gif_lib.h: No such file or directory
 #include <gif_lib.h>
          ^~~~~~~~~~~
compilation terminated.
configure:3312: $? = 1
configure: failed program was:
| /* confdefs.h */
| #define PACKAGE_NAME ""
| #define PACKAGE_TARNAME ""
| #define PACKAGE_VERSION ""
| #define PACKAGE_STRING ""
| #define PACKAGE_BUGREPORT ""
| #define PACKAGE_URL ""
| #define STDC_HEADERS 1
| #define HAVE_SYS_TYPES_H 1
| #define HAVE_SYS_STAT_H 1
| #define HAVE_STDLIB_H 1
| #define HAVE_STRING_H 1
| #define HAVE_MEMORY_H 1
| #define HAVE_STRINGS_H 1
| #define HAVE_INTTYPES_H 1
| #define HAVE_STDINT_H 1
| #define HAVE_UNISTD_H 1
| #define HAVE_GD_H 1
| #define HAVE_PNG_H 1
| /* end confdefs.h.  */
| #include <gif_lib.h>
configure:3312: result: no
configure:3312: checking for gif_lib.h
configure:3312: result: no
configure:3322: checking for main in -lgd
configure:3341: gcc -o conftest -g -O2   conftest.c -lgd   >&5
configure:3341: $? = 0
configure:3350: result: yes
configure:3356: checking for main in -lpng
configure:3375: gcc -o conftest -g -O2   conftest.c -lpng   -lgd >&5
configure:3375: $? = 0
configure:3384: result: yes
configure:3390: checking for main in -lgif
configure:3409: gcc -o conftest -g -O2   conftest.c -lgif   -lgd -lpng >&5
/usr/bin/ld: cannot find -lgif
collect2: error: ld returned 1 exit status
configure:3409: $? = 1
configure: failed program was:
| /* confdefs.h */
| #define PACKAGE_NAME ""
| #define PACKAGE_TARNAME ""
| #define PACKAGE_VERSION ""
| #define PACKAGE_STRING ""
| #define PACKAGE_BUGREPORT ""
| #define PACKAGE_URL ""
| #define STDC_HEADERS 1
| #define HAVE_SYS_TYPES_H 1
| #define HAVE_SYS_STAT_H 1
| #define HAVE_STDLIB_H 1
| #define HAVE_STRING_H 1
| #define HAVE_MEMORY_H 1
| #define HAVE_STRINGS_H 1
| #define HAVE_INTTYPES_H 1
| #define HAVE_STDINT_H 1
| #define HAVE_UNISTD_H 1
| #define HAVE_GD_H 1
| #define HAVE_PNG_H 1
| /* end confdefs.h.  */
| 
| 
| int
| main ()
| {
| return main ();
|   ;
|   return 0;
| }
configure:3418: result: no
configure:3424: checking for main in -lz
configure:3443: gcc -o conftest -g -O2   conftest.c -lz   -lgd -lpng >&5
configure:3443: $? = 0
configure:3452: result: yes
configure:3458: checking for main in -lm
configure:3477: gcc -o conftest -g -O2   conftest.c -lm   -lgd -lpng -lz >&5
configure:3477: $? = 0
configure:3486: result: yes
configure:3612: creating ./config.status

## ---------------------- ##
## Running config.status. ##
## ---------------------- ##

This file was extended by config.status, which was
generated by GNU Autoconf 2.68.  Invocation command line was

  CONFIG_FILES    = 
  CONFIG_HEADERS  = 
  CONFIG_LINKS    = 
  CONFIG_COMMANDS = 
  $ ./config.status 

on HLKali

config.status:815: creating Makefile
config.status:815: creating config.h
config.status:990: config.h is unchanged

## ---------------- ##
## Cache variables. ##
## ---------------- ##

ac_cv_c_compiler_gnu=yes
ac_cv_env_CC_set=
ac_cv_env_CC_value=
ac_cv_env_CFLAGS_set=
ac_cv_env_CFLAGS_value=
ac_cv_env_CPPFLAGS_set=
ac_cv_env_CPPFLAGS_value=
ac_cv_env_CPP_set=
ac_cv_env_CPP_value=
ac_cv_env_LDFLAGS_set=
ac_cv_env_LDFLAGS_value=
ac_cv_env_LIBS_set=
ac_cv_env_LIBS_value=
ac_cv_env_build_alias_set=
ac_cv_env_build_alias_value=
ac_cv_env_host_alias_set=
ac_cv_env_host_alias_value=
ac_cv_env_target_alias_set=
ac_cv_env_target_alias_value=
ac_cv_header_gd_h=yes
ac_cv_header_gif_lib_h=no
ac_cv_header_inttypes_h=yes
ac_cv_header_memory_h=yes
ac_cv_header_png_h=yes
ac_cv_header_stdc=yes
ac_cv_header_stdint_h=yes
ac_cv_header_stdlib_h=yes
ac_cv_header_string_h=yes
ac_cv_header_strings_h=yes
ac_cv_header_sys_stat_h=yes
ac_cv_header_sys_types_h=yes
ac_cv_header_unistd_h=yes
ac_cv_lib_gd_main=yes
ac_cv_lib_gif_main=no
ac_cv_lib_m_main=yes
ac_cv_lib_png_main=yes
ac_cv_lib_z_main=yes
ac_cv_objext=o
ac_cv_path_EGREP='/bin/grep -E'
ac_cv_path_GREP=/bin/grep
ac_cv_path_install='/usr/bin/install -c'
ac_cv_prog_CPP='gcc -E'
ac_cv_prog_ac_ct_CC=gcc
ac_cv_prog_cc_c89=
ac_cv_prog_cc_g=yes

## ----------------- ##
## Output variables. ##
## ----------------- ##

CC='gcc'
CFLAGS='-g -O2'
CPP='gcc -E'
CPPFLAGS=''
DEFS='-DHAVE_CONFIG_H'
ECHO_C=''
ECHO_N='-n'
ECHO_T=''
EGREP='/bin/grep -E'
EXEEXT=''
GREP='/bin/grep'
INSTALL_DATA='${INSTALL} -m 644'
INSTALL_PROGRAM='${INSTALL}'
INSTALL_SCRIPT='${INSTALL}'
LDFLAGS=''
LIBOBJS=''
LIBS=' -lgd -lpng -lz -lm'
LTLIBOBJS=''
OBJEXT='o'
PACKAGE_BUGREPORT=''
PACKAGE_NAME=''
PACKAGE_STRING=''
PACKAGE_TARNAME=''
PACKAGE_URL=''
PACKAGE_VERSION=''
PATH_SEPARATOR=':'
SHELL='/bin/bash'
ac_ct_CC='gcc'
bindir='${exec_prefix}/bin'
build_alias=''
datadir='${datarootdir}'
datarootdir='${prefix}/share'
docdir='${datarootdir}/doc/${PACKAGE}'
dvidir='${docdir}'
exec_prefix='${prefix}'
host_alias=''
htmldir='${docdir}'
includedir='${prefix}/include'
infodir='${datarootdir}/info'
libdir='${exec_prefix}/lib'
libexecdir='${exec_prefix}/libexec'
localedir='${datarootdir}/locale'
localstatedir='${prefix}/var'
mandir='${datarootdir}/man'
oldincludedir='/usr/include'
pdfdir='${docdir}'
prefix='/usr/local'
program_transform_name='s,x,x,'
psdir='${docdir}'
sbindir='${exec_prefix}/sbin'
sharedstatedir='${prefix}/com'
sysconfdir='${prefix}/etc'
target_alias=''

## ----------- ##
## confdefs.h. ##
## ----------- ##

/* confdefs.h */
#define PACKAGE_NAME ""
#define PACKAGE_TARNAME ""
#define PACKAGE_VERSION ""
#define PACKAGE_STRING ""
#define PACKAGE_BUGREPORT ""
#define PACKAGE_URL ""
#define STDC_HEADERS 1
#define HAVE_SYS_TYPES_H 1
#define HAVE_SYS_STAT_H 1
#define HAVE_STDLIB_H 1
#define HAVE_STRING_H 1
#define HAVE_MEMORY_H 1
#define HAVE_STRINGS_H 1
#define HAVE_INTTYPES_H 1
#define HAVE_STDINT_H 1
#define HAVE_UNISTD_H 1
#define HAVE_GD_H 1
#define HAVE_PNG_H 1

configure: exit 0
